<?xml version="1.0" encoding="UTF-8" ?>
<testsuite errors="0" failures="12" hostname="LAPTOP-V44LDG6S" name="net.htlgrieskirchen.pos3.timeutil.TimeUtilProTest" skipped="0" tests="16" time="0.235" timestamp="2019-11-15T12:48:24">
  <properties>
[...]
</properties>
  <testcase classname="net.htlgrieskirchen.pos3.timeutil.TimeUtilProTest" name="testDateToLocalDateTime" time="0.016">
    <failure message="The test case is a prototype." type="junit.framework.AssertionFailedError">junit.framework.AssertionFailedError: The test case is a prototype.
	at net.htlgrieskirchen.pos3.timeutil.TimeUtilProTest.testDateToLocalDateTime(TimeUtilProTest.java:147)
	at java.base/jdk.internal.reflect.NativeMethodAccessorImpl.invoke0(Native Method)
	at java.base/jdk.internal.reflect.NativeMethodAccessorImpl.invoke(NativeMethodAccessorImpl.java:62)
	at java.base/jdk.internal.reflect.DelegatingMethodAccessorImpl.invoke(DelegatingMethodAccessorImpl.java:43)
</failure>
  </testcase>
  <testcase classname="net.htlgrieskirchen.pos3.timeutil.TimeUtilProTest" name="testLocalDateTimeToInt" time="0.0">
    <failure message="expected:&lt;0&gt; but was:&lt;-1&gt;" type="junit.framework.AssertionFailedError">junit.framework.AssertionFailedError: expected:&lt;0&gt; but was:&lt;-1&gt;
	at net.htlgrieskirchen.pos3.timeutil.TimeUtilProTest.testLocalDateTimeToInt(TimeUtilProTest.java:187)
	at java.base/jdk.internal.reflect.NativeMethodAccessorImpl.invoke0(Native Method)
	at java.base/jdk.internal.reflect.NativeMethodAccessorImpl.invoke(NativeMethodAccessorImpl.java:62)
	at java.base/jdk.internal.reflect.DelegatingMethodAccessorImpl.invoke(DelegatingMethodAccessorImpl.java:43)
</failure>
  </testcase>
  <testcase classname="net.htlgrieskirchen.pos3.timeutil.TimeUtilProTest" name="testLongToLocalDateTime" time="0.0">
    <failure message="The test case is a prototype." type="junit.framework.AssertionFailedError">junit.framework.AssertionFailedError: The test case is a prototype.
	at net.htlgrieskirchen.pos3.timeutil.TimeUtilProTest.testLongToLocalDateTime(TimeUtilProTest.java:133)
	at java.base/jdk.internal.reflect.NativeMethodAccessorImpl.invoke0(Native Method)
	at java.base/jdk.internal.reflect.NativeMethodAccessorImpl.invoke(NativeMethodAccessorImpl.java:62)
	at java.base/jdk.internal.reflect.DelegatingMethodAccessorImpl.invoke(DelegatingMethodAccessorImpl.java:43)
</failure>
  </testcase>
  <testcase classname="net.htlgrieskirchen.pos3.timeutil.TimeUtilProTest" name="testDateToLocalDate" time="0.015" />
  <testcase classname="net.htlgrieskirchen.pos3.timeutil.TimeUtilProTest" name="testIntToLocalDateTime" time="0.0">
    <failure message="The test case is a prototype." type="junit.framework.AssertionFailedError">junit.framework.AssertionFailedError: The test case is a prototype.
	at net.htlgrieskirchen.pos3.timeutil.TimeUtilProTest.testIntToLocalDateTime(TimeUtilProTest.java:119)
	at java.base/jdk.internal.reflect.NativeMethodAccessorImpl.invoke0(Native Method)
	at java.base/jdk.internal.reflect.NativeMethodAccessorImpl.invoke(NativeMethodAccessorImpl.java:62)
	at java.base/jdk.internal.reflect.DelegatingMethodAccessorImpl.invoke(DelegatingMethodAccessorImpl.java:43)
</failure>
  </testcase>
  <testcase classname="net.htlgrieskirchen.pos3.timeutil.TimeUtilProTest" name="testLocalDateTimeToCalendar" time="0.0">
    <failure message="The test case is a prototype." type="junit.framework.AssertionFailedError">junit.framework.AssertionFailedError: The test case is a prototype.
	at net.htlgrieskirchen.pos3.timeutil.TimeUtilProTest.testLocalDateTimeToCalendar(TimeUtilProTest.java:273)
	at java.base/jdk.internal.reflect.NativeMethodAccessorImpl.invoke0(Native Method)
	at java.base/jdk.internal.reflect.NativeMethodAccessorImpl.invoke(NativeMethodAccessorImpl.java:62)
	at java.base/jdk.internal.reflect.DelegatingMethodAccessorImpl.invoke(DelegatingMethodAccessorImpl.java:43)
</failure>
  </testcase>
  <testcase classname="net.htlgrieskirchen.pos3.timeutil.TimeUtilProTest" name="testLocalDateToCalendar" time="0.0">
    <failure message="The test case is a prototype." type="junit.framework.AssertionFailedError">junit.framework.AssertionFailedError: The test case is a prototype.
	at net.htlgrieskirchen.pos3.timeutil.TimeUtilProTest.testLocalDateToCalendar(TimeUtilProTest.java:259)
	at java.base/jdk.internal.reflect.NativeMethodAccessorImpl.invoke0(Native Method)
	at java.base/jdk.internal.reflect.NativeMethodAccessorImpl.invoke(NativeMethodAccessorImpl.java:62)
	at java.base/jdk.internal.reflect.DelegatingMethodAccessorImpl.invoke(DelegatingMethodAccessorImpl.java:43)
</failure>
  </testcase>
  <testcase classname="net.htlgrieskirchen.pos3.timeutil.TimeUtilProTest" name="testCalendarToLocalDateTime" time="0.0">
    <failure message="The test case is a prototype." type="junit.framework.AssertionFailedError">junit.framework.AssertionFailedError: The test case is a prototype.
	at net.htlgrieskirchen.pos3.timeutil.TimeUtilProTest.testCalendarToLocalDateTime(TimeUtilProTest.java:161)
	at java.base/jdk.internal.reflect.NativeMethodAccessorImpl.invoke0(Native Method)
	at java.base/jdk.internal.reflect.NativeMethodAccessorImpl.invoke(NativeMethodAccessorImpl.java:62)
	at java.base/jdk.internal.reflect.DelegatingMethodAccessorImpl.invoke(DelegatingMethodAccessorImpl.java:43)
</failure>
  </testcase>
  <testcase classname="net.htlgrieskirchen.pos3.timeutil.TimeUtilProTest" name="testCalendarToLocalDate" time="0.0" />
  <testcase classname="net.htlgrieskirchen.pos3.timeutil.TimeUtilProTest" name="testLocalDateToInt" time="0.0">
    <failure message="expected:&lt;0&gt; but was:&lt;-1&gt;" type="junit.framework.AssertionFailedError">junit.framework.AssertionFailedError: expected:&lt;0&gt; but was:&lt;-1&gt;
	at net.htlgrieskirchen.pos3.timeutil.TimeUtilProTest.testLocalDateToInt(TimeUtilProTest.java:173)
	at java.base/jdk.internal.reflect.NativeMethodAccessorImpl.invoke0(Native Method)
	at java.base/jdk.internal.reflect.NativeMethodAccessorImpl.invoke(NativeMethodAccessorImpl.java:62)
	at java.base/jdk.internal.reflect.DelegatingMethodAccessorImpl.invoke(DelegatingMethodAccessorImpl.java:43)
</failure>
  </testcase>
  <testcase classname="net.htlgrieskirchen.pos3.timeutil.TimeUtilProTest" name="testIntToLocalDate" time="0.016" />
  <testcase classname="net.htlgrieskirchen.pos3.timeutil.TimeUtilProTest" name="testLongToLocalDate" time="0.0" />
  <testcase classname="net.htlgrieskirchen.pos3.timeutil.TimeUtilProTest" name="testLocalDateToDate" time="0.0">
    <failure message="The test case is a prototype." type="junit.framework.AssertionFailedError">junit.framework.AssertionFailedError: The test case is a prototype.
	at net.htlgrieskirchen.pos3.timeutil.TimeUtilProTest.testLocalDateToDate(TimeUtilProTest.java:231)
	at java.base/jdk.internal.reflect.NativeMethodAccessorImpl.invoke0(Native Method)
	at java.base/jdk.internal.reflect.NativeMethodAccessorImpl.invoke(NativeMethodAccessorImpl.java:62)
	at java.base/jdk.internal.reflect.DelegatingMethodAccessorImpl.invoke(DelegatingMethodAccessorImpl.java:43)
</failure>
  </testcase>
  <testcase classname="net.htlgrieskirchen.pos3.timeutil.TimeUtilProTest" name="testLocalDateToLong" time="0.0">
    <failure message="expected:&lt;0&gt; but was:&lt;-1&gt;" type="junit.framework.AssertionFailedError">junit.framework.AssertionFailedError: expected:&lt;0&gt; but was:&lt;-1&gt;
	at net.htlgrieskirchen.pos3.timeutil.TimeUtilProTest.testLocalDateToLong(TimeUtilProTest.java:201)
	at java.base/jdk.internal.reflect.NativeMethodAccessorImpl.invoke0(Native Method)
	at java.base/jdk.internal.reflect.NativeMethodAccessorImpl.invoke(NativeMethodAccessorImpl.java:62)
	at java.base/jdk.internal.reflect.DelegatingMethodAccessorImpl.invoke(DelegatingMethodAccessorImpl.java:43)
</failure>
  </testcase>
  <testcase classname="net.htlgrieskirchen.pos3.timeutil.TimeUtilProTest" name="testLocalDateTimeToDate" time="0.0">
    <failure message="The test case is a prototype." type="junit.framework.AssertionFailedError">junit.framework.AssertionFailedError: The test case is a prototype.
	at net.htlgrieskirchen.pos3.timeutil.TimeUtilProTest.testLocalDateTimeToDate(TimeUtilProTest.java:245)
	at java.base/jdk.internal.reflect.NativeMethodAccessorImpl.invoke0(Native Method)
	at java.base/jdk.internal.reflect.NativeMethodAccessorImpl.invoke(NativeMethodAccessorImpl.java:62)
	at java.base/jdk.internal.reflect.DelegatingMethodAccessorImpl.invoke(DelegatingMethodAccessorImpl.java:43)
</failure>
  </testcase>
  <testcase classname="net.htlgrieskirchen.pos3.timeutil.TimeUtilProTest" name="testLocalDateTimeToLong" time="0.0">
    <failure message="expected:&lt;0&gt; but was:&lt;-1&gt;" type="junit.framework.AssertionFailedError">junit.framework.AssertionFailedError: expected:&lt;0&gt; but was:&lt;-1&gt;
	at net.htlgrieskirchen.pos3.timeutil.TimeUtilProTest.testLocalDateTimeToLong(TimeUtilProTest.java:215)
	at java.base/jdk.internal.reflect.NativeMethodAccessorImpl.invoke0(Native Method)
	at java.base/jdk.internal.reflect.NativeMethodAccessorImpl.invoke(NativeMethodAccessorImpl.java:62)
	at java.base/jdk.internal.reflect.DelegatingMethodAccessorImpl.invoke(DelegatingMethodAccessorImpl.java:43)
</failure>
  </testcase>
  <system-out><![CDATA[dateToLocalDateTime
localDateTimeToInt
longToLocalDateTime
----------------Test von dateToLocalDate----------------
dateToLocalDate -- Ergebnis ist: 2019-11-12
intToLocalDateTime
localDateTimeToCalendar
localDateToCalendar
calendarToLocalDateTime
----------------Test von calendarToLocalDate----------------
localDateToInt
----------------Test von intToLocalDate----------------
intToLocalDate -- Ergbenis ist: 2003-02-01
----------------Test von longToLocalDate----------------
longToLocalDate -- Ergebnis ist: 2003-02-01
localDateToDate
localDateToLong
localDateTimeToDate
localDateTimeToLong
]]></system-out>
  <system-err><![CDATA[]]></system-err>
</testsuite>
